C:\Users\FREDRO\Documents\Visual Studio 2010\Projects\FolderExplorerThreadReal\Debug\FolderExplorerThreadReal.pdb
C:\USERS\FREDRO\DOCUMENTS\VISUAL STUDIO 2010\PROJECTS\FOLDEREXPLORERTHREADREAL\FOLDEREXPLORERTHREADREAL\DEBUG\BINARYSEMAPHORE.OBJ
C:\Users\FREDRO\Documents\Visual Studio 2010\Projects\FolderExplorerThreadReal\FolderExplorerThreadReal\Debug\cl.command.1.tlog
C:\Users\FREDRO\Documents\Visual Studio 2010\Projects\FolderExplorerThreadReal\FolderExplorerThreadReal\Debug\CL.read.1.tlog
C:\Users\FREDRO\Documents\Visual Studio 2010\Projects\FolderExplorerThreadReal\FolderExplorerThreadReal\Debug\CL.write.1.tlog
C:\USERS\FREDRO\DOCUMENTS\VISUAL STUDIO 2010\PROJECTS\FOLDEREXPLORERTHREADREAL\FOLDEREXPLORERTHREADREAL\DEBUG\FOLDEREXPLORER.OBJ
C:\USERS\FREDRO\DOCUMENTS\VISUAL STUDIO 2010\PROJECTS\FOLDEREXPLORERTHREADREAL\FOLDEREXPLORERTHREADREAL\DEBUG\FOLDEREXPLORERTHREADREAL.EXE.EMBED.MANIFEST
C:\USERS\FREDRO\DOCUMENTS\VISUAL STUDIO 2010\PROJECTS\FOLDEREXPLORERTHREADREAL\FOLDEREXPLORERTHREADREAL\DEBUG\FOLDEREXPLORERTHREADREAL.EXE.EMBED.MANIFEST.RES
C:\Users\FREDRO\Documents\Visual Studio 2010\Projects\FolderExplorerThreadReal\FolderExplorerThreadReal\Debug\FolderExplorerThreadReal.exe.intermediate.manifest
C:\Users\FREDRO\Documents\Visual Studio 2010\Projects\FolderExplorerThreadReal\FolderExplorerThreadReal\Debug\FolderExplorerThreadReal_manifest.rc
C:\Users\FREDRO\Documents\Visual Studio 2010\Projects\FolderExplorerThreadReal\FolderExplorerThreadReal\Debug\link.1916.read.1.tlog
C:\Users\FREDRO\Documents\Visual Studio 2010\Projects\FolderExplorerThreadReal\FolderExplorerThreadReal\Debug\link.1916.write.1.tlog
C:\Users\FREDRO\Documents\Visual Studio 2010\Projects\FolderExplorerThreadReal\FolderExplorerThreadReal\Debug\link.1916-cvtres.read.1.tlog
C:\Users\FREDRO\Documents\Visual Studio 2010\Projects\FolderExplorerThreadReal\FolderExplorerThreadReal\Debug\link.1916-cvtres.write.1.tlog
C:\Users\FREDRO\Documents\Visual Studio 2010\Projects\FolderExplorerThreadReal\FolderExplorerThreadReal\Debug\link.7772.read.1.tlog
C:\Users\FREDRO\Documents\Visual Studio 2010\Projects\FolderExplorerThreadReal\FolderExplorerThreadReal\Debug\link.7772.write.1.tlog
C:\Users\FREDRO\Documents\Visual Studio 2010\Projects\FolderExplorerThreadReal\FolderExplorerThreadReal\Debug\link.7772-cvtres.read.1.tlog
C:\Users\FREDRO\Documents\Visual Studio 2010\Projects\FolderExplorerThreadReal\FolderExplorerThreadReal\Debug\link.7772-cvtres.write.1.tlog
C:\Users\FREDRO\Documents\Visual Studio 2010\Projects\FolderExplorerThreadReal\FolderExplorerThreadReal\Debug\link.command.1.tlog
C:\Users\FREDRO\Documents\Visual Studio 2010\Projects\FolderExplorerThreadReal\FolderExplorerThreadReal\Debug\link.read.1.tlog
C:\Users\FREDRO\Documents\Visual Studio 2010\Projects\FolderExplorerThreadReal\FolderExplorerThreadReal\Debug\link.write.1.tlog
C:\Users\FREDRO\Documents\Visual Studio 2010\Projects\FolderExplorerThreadReal\FolderExplorerThreadReal\Debug\link-cvtres.read.1.tlog
C:\Users\FREDRO\Documents\Visual Studio 2010\Projects\FolderExplorerThreadReal\FolderExplorerThreadReal\Debug\link-cvtres.write.1.tlog
C:\USERS\FREDRO\DOCUMENTS\VISUAL STUDIO 2010\PROJECTS\FOLDEREXPLORERTHREADREAL\FOLDEREXPLORERTHREADREAL\DEBUG\MAIN.OBJ
C:\USERS\FREDRO\DOCUMENTS\VISUAL STUDIO 2010\PROJECTS\FOLDEREXPLORERTHREADREAL\FOLDEREXPLORERTHREADREAL\DEBUG\MOVIETRAVERSER.OBJ
C:\USERS\FREDRO\DOCUMENTS\VISUAL STUDIO 2010\PROJECTS\FOLDEREXPLORERTHREADREAL\FOLDEREXPLORERTHREADREAL\DEBUG\MOVIETRAVERSERTHREAD.OBJ
C:\Users\FREDRO\Documents\Visual Studio 2010\Projects\FolderExplorerThreadReal\FolderExplorerThreadReal\Debug\mt.command.1.tlog
C:\Users\FREDRO\Documents\Visual Studio 2010\Projects\FolderExplorerThreadReal\FolderExplorerThreadReal\Debug\mt.read.1.tlog
C:\Users\FREDRO\Documents\Visual Studio 2010\Projects\FolderExplorerThreadReal\FolderExplorerThreadReal\Debug\mt.write.1.tlog
C:\Users\FREDRO\Documents\Visual Studio 2010\Projects\FolderExplorerThreadReal\FolderExplorerThreadReal\Debug\rc.command.1.tlog
C:\Users\FREDRO\Documents\Visual Studio 2010\Projects\FolderExplorerThreadReal\FolderExplorerThreadReal\Debug\rc.read.1.tlog
C:\Users\FREDRO\Documents\Visual Studio 2010\Projects\FolderExplorerThreadReal\FolderExplorerThreadReal\Debug\rc.write.1.tlog
C:\USERS\FREDRO\DOCUMENTS\VISUAL STUDIO 2010\PROJECTS\FOLDEREXPLORERTHREADREAL\FOLDEREXPLORERTHREADREAL\DEBUG\SPFUNC.OBJ
C:\USERS\FREDRO\DOCUMENTS\VISUAL STUDIO 2010\PROJECTS\FOLDEREXPLORERTHREADREAL\FOLDEREXPLORERTHREADREAL\DEBUG\THREAD.OBJ
C:\Users\FREDRO\Documents\Visual Studio 2010\Projects\FolderExplorerThreadReal\FolderExplorerThreadReal\Debug\vc100.idb
C:\USERS\FREDRO\DOCUMENTS\VISUAL STUDIO 2010\PROJECTS\FOLDEREXPLORERTHREADREAL\FOLDEREXPLORERTHREADREAL\DEBUG\VC100.PDB
