Build started 2011-02-26 21:16:57.
     1>Project "C:\Users\FREDRO\documents\visual studio 2010\Projects\FolderExplorerThreadReal\FolderExplorerThreadReal\FolderExplorerThreadReal.vcxproj" on node 2 (build target(s)).
     1>InitializeBuildStatus:
         Touching "Debug\FolderExplorerThreadReal.unsuccessfulbuild".
       ClCompile:
         C:\Program\Visual Studio 10.0\VC\bin\CL.exe /c /ZI /nologo /W3 /WX- /Od /Oy- /D WIN32 /D _DEBUG /D _CONSOLE /D _UNICODE /D UNICODE /Gm /EHsc /RTC1 /MDd /GS /fp:precise /Zc:wchar_t /Zc:forScope /Fo"Debug\\" /Fd"Debug\vc100.pdb" /Gd /TP /analyze- /errorReport:prompt BasicXMLMovieWriter.cpp movieTraverser.cpp
         BasicXMLMovieWriter.cpp
     1>c:\users\fredro\documents\visual studio 2010\projects\folderexplorerthreadreal\folderexplorerthreadreal\basicxmlmoviewriter.cpp(14): error C2784: 'std::basic_ostream<_Elem,_Traits> &std::operator <<(std::basic_ostream<_Elem,_Traits> &,const std::basic_string<_Elem,_Traits,_Alloc> &)' : could not deduce template argument for 'std::basic_ostream<_Elem,_Traits> &' from 'std::wofstream'
                 c:\program\visual studio 10.0\vc\include\string(489) : see declaration of 'std::operator <<'
     1>c:\users\fredro\documents\visual studio 2010\projects\folderexplorerthreadreal\folderexplorerthreadreal\basicxmlmoviewriter.cpp(14): error C2784: 'std::basic_ostream<_Elem,_Traits> &std::operator <<(std::basic_ostream<_Elem,_Traits> &,const std::error_code &)' : could not deduce template argument for 'std::basic_ostream<_Elem,_Traits> &' from 'std::wofstream'
                 c:\program\visual studio 10.0\vc\include\ostream(1085) : see declaration of 'std::operator <<'
     1>c:\users\fredro\documents\visual studio 2010\projects\folderexplorerthreadreal\folderexplorerthreadreal\basicxmlmoviewriter.cpp(14): error C2784: 'std::basic_ostream<_Elem,_Traits> &std::operator <<(std::basic_ostream<_Elem,_Traits> &&,_Ty)' : could not deduce template argument for 'std::basic_ostream<_Elem,_Traits> &&' from 'std::wofstream'
                 c:\program\visual studio 10.0\vc\include\ostream(968) : see declaration of 'std::operator <<'
     1>c:\users\fredro\documents\visual studio 2010\projects\folderexplorerthreadreal\folderexplorerthreadreal\basicxmlmoviewriter.cpp(14): error C2784: 'std::basic_ostream<char,_Traits> &std::operator <<(std::basic_ostream<char,_Traits> &,unsigned char)' : could not deduce template argument for 'std::basic_ostream<char,_Traits> &' from 'std::wofstream'
                 c:\program\visual studio 10.0\vc\include\ostream(958) : see declaration of 'std::operator <<'
     1>c:\users\fredro\documents\visual studio 2010\projects\folderexplorerthreadreal\folderexplorerthreadreal\basicxmlmoviewriter.cpp(14): error C2784: 'std::basic_ostream<char,_Traits> &std::operator <<(std::basic_ostream<char,_Traits> &,const unsigned char *)' : could not deduce template argument for 'std::basic_ostream<char,_Traits> &' from 'std::wofstream'
                 c:\program\visual studio 10.0\vc\include\ostream(951) : see declaration of 'std::operator <<'
     1>c:\users\fredro\documents\visual studio 2010\projects\folderexplorerthreadreal\folderexplorerthreadreal\basicxmlmoviewriter.cpp(14): error C2784: 'std::basic_ostream<char,_Traits> &std::operator <<(std::basic_ostream<char,_Traits> &,signed char)' : could not deduce template argument for 'std::basic_ostream<char,_Traits> &' from 'std::wofstream'
                 c:\program\visual studio 10.0\vc\include\ostream(944) : see declaration of 'std::operator <<'
     1>c:\users\fredro\documents\visual studio 2010\projects\folderexplorerthreadreal\folderexplorerthreadreal\basicxmlmoviewriter.cpp(14): error C2784: 'std::basic_ostream<char,_Traits> &std::operator <<(std::basic_ostream<char,_Traits> &,const signed char *)' : could not deduce template argument for 'std::basic_ostream<char,_Traits> &' from 'std::wofstream'
                 c:\program\visual studio 10.0\vc\include\ostream(937) : see declaration of 'std::operator <<'
     1>c:\users\fredro\documents\visual studio 2010\projects\folderexplorerthreadreal\folderexplorerthreadreal\basicxmlmoviewriter.cpp(14): error C2784: 'std::basic_ostream<_Elem,_Traits> &std::operator <<(std::basic_ostream<_Elem,_Traits> &,_Elem)' : could not deduce template argument for 'std::basic_ostream<_Elem,_Traits> &' from 'std::wofstream'
                 c:\program\visual studio 10.0\vc\include\ostream(898) : see declaration of 'std::operator <<'
     1>c:\users\fredro\documents\visual studio 2010\projects\folderexplorerthreadreal\folderexplorerthreadreal\basicxmlmoviewriter.cpp(14): error C2784: 'std::basic_ostream<_Elem,_Traits> &std::operator <<(std::basic_ostream<_Elem,_Traits> &,const _Elem *)' : could not deduce template argument for 'std::basic_ostream<_Elem,_Traits> &' from 'std::wofstream'
                 c:\program\visual studio 10.0\vc\include\ostream(851) : see declaration of 'std::operator <<'
     1>c:\users\fredro\documents\visual studio 2010\projects\folderexplorerthreadreal\folderexplorerthreadreal\basicxmlmoviewriter.cpp(14): error C2784: 'std::basic_ostream<char,_Traits> &std::operator <<(std::basic_ostream<char,_Traits> &,char)' : could not deduce template argument for 'std::basic_ostream<char,_Traits> &' from 'std::wofstream'
                 c:\program\visual studio 10.0\vc\include\ostream(811) : see declaration of 'std::operator <<'
     1>c:\users\fredro\documents\visual studio 2010\projects\folderexplorerthreadreal\folderexplorerthreadreal\basicxmlmoviewriter.cpp(14): error C2784: 'std::basic_ostream<char,_Traits> &std::operator <<(std::basic_ostream<char,_Traits> &,const char *)' : could not deduce template argument for 'std::basic_ostream<char,_Traits> &' from 'std::wofstream'
                 c:\program\visual studio 10.0\vc\include\ostream(764) : see declaration of 'std::operator <<'
     1>c:\users\fredro\documents\visual studio 2010\projects\folderexplorerthreadreal\folderexplorerthreadreal\basicxmlmoviewriter.cpp(14): error C2784: 'std::basic_ostream<_Elem,_Traits> &std::operator <<(std::basic_ostream<_Elem,_Traits> &,char)' : could not deduce template argument for 'std::basic_ostream<_Elem,_Traits> &' from 'std::wofstream'
                 c:\program\visual studio 10.0\vc\include\ostream(726) : see declaration of 'std::operator <<'
     1>c:\users\fredro\documents\visual studio 2010\projects\folderexplorerthreadreal\folderexplorerthreadreal\basicxmlmoviewriter.cpp(14): error C2784: 'std::basic_ostream<_Elem,_Traits> &std::operator <<(std::basic_ostream<_Elem,_Traits> &,const char *)' : could not deduce template argument for 'std::basic_ostream<_Elem,_Traits> &' from 'std::wofstream'
                 c:\program\visual studio 10.0\vc\include\ostream(679) : see declaration of 'std::operator <<'
     1>c:\users\fredro\documents\visual studio 2010\projects\folderexplorerthreadreal\folderexplorerthreadreal\basicxmlmoviewriter.cpp(14): error C2676: binary '<<' : 'std::wofstream' does not define this operator or a conversion to a type acceptable to the predefined operator
     1>c:\users\fredro\documents\visual studio 2010\projects\folderexplorerthreadreal\folderexplorerthreadreal\basicxmlmoviewriter.cpp(15): error C2784: 'std::basic_ostream<_Elem,_Traits> &std::operator <<(std::basic_ostream<_Elem,_Traits> &,const std::basic_string<_Elem,_Traits,_Alloc> &)' : could not deduce template argument for 'std::basic_ostream<_Elem,_Traits> &' from 'std::wofstream'
                 c:\program\visual studio 10.0\vc\include\string(489) : see declaration of 'std::operator <<'
     1>c:\users\fredro\documents\visual studio 2010\projects\folderexplorerthreadreal\folderexplorerthreadreal\basicxmlmoviewriter.cpp(15): error C2784: 'std::basic_ostream<_Elem,_Traits> &std::operator <<(std::basic_ostream<_Elem,_Traits> &,const std::error_code &)' : could not deduce template argument for 'std::basic_ostream<_Elem,_Traits> &' from 'std::wofstream'
                 c:\program\visual studio 10.0\vc\include\ostream(1085) : see declaration of 'std::operator <<'
     1>c:\users\fredro\documents\visual studio 2010\projects\folderexplorerthreadreal\folderexplorerthreadreal\basicxmlmoviewriter.cpp(15): error C2784: 'std::basic_ostream<_Elem,_Traits> &std::operator <<(std::basic_ostream<_Elem,_Traits> &&,_Ty)' : could not deduce template argument for 'std::basic_ostream<_Elem,_Traits> &&' from 'std::wofstream'
                 c:\program\visual studio 10.0\vc\include\ostream(968) : see declaration of 'std::operator <<'
     1>c:\users\fredro\documents\visual studio 2010\projects\folderexplorerthreadreal\folderexplorerthreadreal\basicxmlmoviewriter.cpp(15): error C2784: 'std::basic_ostream<char,_Traits> &std::operator <<(std::basic_ostream<char,_Traits> &,unsigned char)' : could not deduce template argument for 'std::basic_ostream<char,_Traits> &' from 'std::wofstream'
                 c:\program\visual studio 10.0\vc\include\ostream(958) : see declaration of 'std::operator <<'
     1>c:\users\fredro\documents\visual studio 2010\projects\folderexplorerthreadreal\folderexplorerthreadreal\basicxmlmoviewriter.cpp(15): error C2784: 'std::basic_ostream<char,_Traits> &std::operator <<(std::basic_ostream<char,_Traits> &,const unsigned char *)' : could not deduce template argument for 'std::basic_ostream<char,_Traits> &' from 'std::wofstream'
                 c:\program\visual studio 10.0\vc\include\ostream(951) : see declaration of 'std::operator <<'
     1>c:\users\fredro\documents\visual studio 2010\projects\folderexplorerthreadreal\folderexplorerthreadreal\basicxmlmoviewriter.cpp(15): error C2784: 'std::basic_ostream<char,_Traits> &std::operator <<(std::basic_ostream<char,_Traits> &,signed char)' : could not deduce template argument for 'std::basic_ostream<char,_Traits> &' from 'std::wofstream'
                 c:\program\visual studio 10.0\vc\include\ostream(944) : see declaration of 'std::operator <<'
     1>c:\users\fredro\documents\visual studio 2010\projects\folderexplorerthreadreal\folderexplorerthreadreal\basicxmlmoviewriter.cpp(15): error C2784: 'std::basic_ostream<char,_Traits> &std::operator <<(std::basic_ostream<char,_Traits> &,const signed char *)' : could not deduce template argument for 'std::basic_ostream<char,_Traits> &' from 'std::wofstream'
                 c:\program\visual studio 10.0\vc\include\ostream(937) : see declaration of 'std::operator <<'
     1>c:\users\fredro\documents\visual studio 2010\projects\folderexplorerthreadreal\folderexplorerthreadreal\basicxmlmoviewriter.cpp(15): error C2784: 'std::basic_ostream<_Elem,_Traits> &std::operator <<(std::basic_ostream<_Elem,_Traits> &,_Elem)' : could not deduce template argument for 'std::basic_ostream<_Elem,_Traits> &' from 'std::wofstream'
                 c:\program\visual studio 10.0\vc\include\ostream(898) : see declaration of 'std::operator <<'
     1>c:\users\fredro\documents\visual studio 2010\projects\folderexplorerthreadreal\folderexplorerthreadreal\basicxmlmoviewriter.cpp(15): error C2784: 'std::basic_ostream<_Elem,_Traits> &std::operator <<(std::basic_ostream<_Elem,_Traits> &,const _Elem *)' : could not deduce template argument for 'std::basic_ostream<_Elem,_Traits> &' from 'std::wofstream'
                 c:\program\visual studio 10.0\vc\include\ostream(851) : see declaration of 'std::operator <<'
     1>c:\users\fredro\documents\visual studio 2010\projects\folderexplorerthreadreal\folderexplorerthreadreal\basicxmlmoviewriter.cpp(15): error C2784: 'std::basic_ostream<char,_Traits> &std::operator <<(std::basic_ostream<char,_Traits> &,char)' : could not deduce template argument for 'std::basic_ostream<char,_Traits> &' from 'std::wofstream'
                 c:\program\visual studio 10.0\vc\include\ostream(811) : see declaration of 'std::operator <<'
     1>c:\users\fredro\documents\visual studio 2010\projects\folderexplorerthreadreal\folderexplorerthreadreal\basicxmlmoviewriter.cpp(15): error C2784: 'std::basic_ostream<char,_Traits> &std::operator <<(std::basic_ostream<char,_Traits> &,const char *)' : could not deduce template argument for 'std::basic_ostream<char,_Traits> &' from 'std::wofstream'
                 c:\program\visual studio 10.0\vc\include\ostream(764) : see declaration of 'std::operator <<'
     1>c:\users\fredro\documents\visual studio 2010\projects\folderexplorerthreadreal\folderexplorerthreadreal\basicxmlmoviewriter.cpp(15): error C2784: 'std::basic_ostream<_Elem,_Traits> &std::operator <<(std::basic_ostream<_Elem,_Traits> &,char)' : could not deduce template argument for 'std::basic_ostream<_Elem,_Traits> &' from 'std::wofstream'
                 c:\program\visual studio 10.0\vc\include\ostream(726) : see declaration of 'std::operator <<'
     1>c:\users\fredro\documents\visual studio 2010\projects\folderexplorerthreadreal\folderexplorerthreadreal\basicxmlmoviewriter.cpp(15): error C2784: 'std::basic_ostream<_Elem,_Traits> &std::operator <<(std::basic_ostream<_Elem,_Traits> &,const char *)' : could not deduce template argument for 'std::basic_ostream<_Elem,_Traits> &' from 'std::wofstream'
                 c:\program\visual studio 10.0\vc\include\ostream(679) : see declaration of 'std::operator <<'
     1>c:\users\fredro\documents\visual studio 2010\projects\folderexplorerthreadreal\folderexplorerthreadreal\basicxmlmoviewriter.cpp(15): error C2676: binary '<<' : 'std::wofstream' does not define this operator or a conversion to a type acceptable to the predefined operator
     1>c:\users\fredro\documents\visual studio 2010\projects\folderexplorerthreadreal\folderexplorerthreadreal\basicxmlmoviewriter.cpp(19): error C2784: 'std::basic_ostream<_Elem,_Traits> &std::operator <<(std::basic_ostream<_Elem,_Traits> &,const std::basic_string<_Elem,_Traits,_Alloc> &)' : could not deduce template argument for 'std::basic_ostream<_Elem,_Traits> &' from 'std::wofstream'
                 c:\program\visual studio 10.0\vc\include\string(489) : see declaration of 'std::operator <<'
     1>c:\users\fredro\documents\visual studio 2010\projects\folderexplorerthreadreal\folderexplorerthreadreal\basicxmlmoviewriter.cpp(19): error C2784: 'std::basic_ostream<_Elem,_Traits> &std::operator <<(std::basic_ostream<_Elem,_Traits> &,const std::error_code &)' : could not deduce template argument for 'std::basic_ostream<_Elem,_Traits> &' from 'std::wofstream'
                 c:\program\visual studio 10.0\vc\include\ostream(1085) : see declaration of 'std::operator <<'
     1>c:\users\fredro\documents\visual studio 2010\projects\folderexplorerthreadreal\folderexplorerthreadreal\basicxmlmoviewriter.cpp(19): error C2784: 'std::basic_ostream<_Elem,_Traits> &std::operator <<(std::basic_ostream<_Elem,_Traits> &&,_Ty)' : could not deduce template argument for 'std::basic_ostream<_Elem,_Traits> &&' from 'std::wofstream'
                 c:\program\visual studio 10.0\vc\include\ostream(968) : see declaration of 'std::operator <<'
     1>c:\users\fredro\documents\visual studio 2010\projects\folderexplorerthreadreal\folderexplorerthreadreal\basicxmlmoviewriter.cpp(19): error C2784: 'std::basic_ostream<char,_Traits> &std::operator <<(std::basic_ostream<char,_Traits> &,unsigned char)' : could not deduce template argument for 'std::basic_ostream<char,_Traits> &' from 'std::wofstream'
                 c:\program\visual studio 10.0\vc\include\ostream(958) : see declaration of 'std::operator <<'
     1>c:\users\fredro\documents\visual studio 2010\projects\folderexplorerthreadreal\folderexplorerthreadreal\basicxmlmoviewriter.cpp(19): error C2784: 'std::basic_ostream<char,_Traits> &std::operator <<(std::basic_ostream<char,_Traits> &,const unsigned char *)' : could not deduce template argument for 'std::basic_ostream<char,_Traits> &' from 'std::wofstream'
                 c:\program\visual studio 10.0\vc\include\ostream(951) : see declaration of 'std::operator <<'
     1>c:\users\fredro\documents\visual studio 2010\projects\folderexplorerthreadreal\folderexplorerthreadreal\basicxmlmoviewriter.cpp(19): error C2784: 'std::basic_ostream<char,_Traits> &std::operator <<(std::basic_ostream<char,_Traits> &,signed char)' : could not deduce template argument for 'std::basic_ostream<char,_Traits> &' from 'std::wofstream'
                 c:\program\visual studio 10.0\vc\include\ostream(944) : see declaration of 'std::operator <<'
     1>c:\users\fredro\documents\visual studio 2010\projects\folderexplorerthreadreal\folderexplorerthreadreal\basicxmlmoviewriter.cpp(19): error C2784: 'std::basic_ostream<char,_Traits> &std::operator <<(std::basic_ostream<char,_Traits> &,const signed char *)' : could not deduce template argument for 'std::basic_ostream<char,_Traits> &' from 'std::wofstream'
                 c:\program\visual studio 10.0\vc\include\ostream(937) : see declaration of 'std::operator <<'
     1>c:\users\fredro\documents\visual studio 2010\projects\folderexplorerthreadreal\folderexplorerthreadreal\basicxmlmoviewriter.cpp(19): error C2784: 'std::basic_ostream<_Elem,_Traits> &std::operator <<(std::basic_ostream<_Elem,_Traits> &,_Elem)' : could not deduce template argument for 'std::basic_ostream<_Elem,_Traits> &' from 'std::wofstream'
                 c:\program\visual studio 10.0\vc\include\ostream(898) : see declaration of 'std::operator <<'
     1>c:\users\fredro\documents\visual studio 2010\projects\folderexplorerthreadreal\folderexplorerthreadreal\basicxmlmoviewriter.cpp(19): error C2784: 'std::basic_ostream<_Elem,_Traits> &std::operator <<(std::basic_ostream<_Elem,_Traits> &,const _Elem *)' : could not deduce template argument for 'std::basic_ostream<_Elem,_Traits> &' from 'std::wofstream'
                 c:\program\visual studio 10.0\vc\include\ostream(851) : see declaration of 'std::operator <<'
     1>c:\users\fredro\documents\visual studio 2010\projects\folderexplorerthreadreal\folderexplorerthreadreal\basicxmlmoviewriter.cpp(19): error C2784: 'std::basic_ostream<char,_Traits> &std::operator <<(std::basic_ostream<char,_Traits> &,char)' : could not deduce template argument for 'std::basic_ostream<char,_Traits> &' from 'std::wofstream'
                 c:\program\visual studio 10.0\vc\include\ostream(811) : see declaration of 'std::operator <<'
     1>c:\users\fredro\documents\visual studio 2010\projects\folderexplorerthreadreal\folderexplorerthreadreal\basicxmlmoviewriter.cpp(19): error C2784: 'std::basic_ostream<char,_Traits> &std::operator <<(std::basic_ostream<char,_Traits> &,const char *)' : could not deduce template argument for 'std::basic_ostream<char,_Traits> &' from 'std::wofstream'
                 c:\program\visual studio 10.0\vc\include\ostream(764) : see declaration of 'std::operator <<'
     1>c:\users\fredro\documents\visual studio 2010\projects\folderexplorerthreadreal\folderexplorerthreadreal\basicxmlmoviewriter.cpp(19): error C2784: 'std::basic_ostream<_Elem,_Traits> &std::operator <<(std::basic_ostream<_Elem,_Traits> &,char)' : could not deduce template argument for 'std::basic_ostream<_Elem,_Traits> &' from 'std::wofstream'
                 c:\program\visual studio 10.0\vc\include\ostream(726) : see declaration of 'std::operator <<'
     1>c:\users\fredro\documents\visual studio 2010\projects\folderexplorerthreadreal\folderexplorerthreadreal\basicxmlmoviewriter.cpp(19): error C2784: 'std::basic_ostream<_Elem,_Traits> &std::operator <<(std::basic_ostream<_Elem,_Traits> &,const char *)' : could not deduce template argument for 'std::basic_ostream<_Elem,_Traits> &' from 'std::wofstream'
                 c:\program\visual studio 10.0\vc\include\ostream(679) : see declaration of 'std::operator <<'
     1>c:\users\fredro\documents\visual studio 2010\projects\folderexplorerthreadreal\folderexplorerthreadreal\basicxmlmoviewriter.cpp(19): error C2676: binary '<<' : 'std::wofstream' does not define this operator or a conversion to a type acceptable to the predefined operator
     1>c:\users\fredro\documents\visual studio 2010\projects\folderexplorerthreadreal\folderexplorerthreadreal\basicxmlmoviewriter.cpp(20): error C2784: 'std::basic_ostream<_Elem,_Traits> &std::operator <<(std::basic_ostream<_Elem,_Traits> &,const std::basic_string<_Elem,_Traits,_Alloc> &)' : could not deduce template argument for 'std::basic_ostream<_Elem,_Traits> &' from 'std::wofstream'
                 c:\program\visual studio 10.0\vc\include\string(489) : see declaration of 'std::operator <<'
     1>c:\users\fredro\documents\visual studio 2010\projects\folderexplorerthreadreal\folderexplorerthreadreal\basicxmlmoviewriter.cpp(20): error C2784: 'std::basic_ostream<_Elem,_Traits> &std::operator <<(std::basic_ostream<_Elem,_Traits> &,const std::error_code &)' : could not deduce template argument for 'std::basic_ostream<_Elem,_Traits> &' from 'std::wofstream'
                 c:\program\visual studio 10.0\vc\include\ostream(1085) : see declaration of 'std::operator <<'
     1>c:\users\fredro\documents\visual studio 2010\projects\folderexplorerthreadreal\folderexplorerthreadreal\basicxmlmoviewriter.cpp(20): error C2784: 'std::basic_ostream<_Elem,_Traits> &std::operator <<(std::basic_ostream<_Elem,_Traits> &&,_Ty)' : could not deduce template argument for 'std::basic_ostream<_Elem,_Traits> &&' from 'std::wofstream'
                 c:\program\visual studio 10.0\vc\include\ostream(968) : see declaration of 'std::operator <<'
     1>c:\users\fredro\documents\visual studio 2010\projects\folderexplorerthreadreal\folderexplorerthreadreal\basicxmlmoviewriter.cpp(20): error C2784: 'std::basic_ostream<char,_Traits> &std::operator <<(std::basic_ostream<char,_Traits> &,unsigned char)' : could not deduce template argument for 'std::basic_ostream<char,_Traits> &' from 'std::wofstream'
                 c:\program\visual studio 10.0\vc\include\ostream(958) : see declaration of 'std::operator <<'
     1>c:\users\fredro\documents\visual studio 2010\projects\folderexplorerthreadreal\folderexplorerthreadreal\basicxmlmoviewriter.cpp(20): error C2784: 'std::basic_ostream<char,_Traits> &std::operator <<(std::basic_ostream<char,_Traits> &,const unsigned char *)' : could not deduce template argument for 'std::basic_ostream<char,_Traits> &' from 'std::wofstream'
                 c:\program\visual studio 10.0\vc\include\ostream(951) : see declaration of 'std::operator <<'
     1>c:\users\fredro\documents\visual studio 2010\projects\folderexplorerthreadreal\folderexplorerthreadreal\basicxmlmoviewriter.cpp(20): error C2784: 'std::basic_ostream<char,_Traits> &std::operator <<(std::basic_ostream<char,_Traits> &,signed char)' : could not deduce template argument for 'std::basic_ostream<char,_Traits> &' from 'std::wofstream'
                 c:\program\visual studio 10.0\vc\include\ostream(944) : see declaration of 'std::operator <<'
     1>c:\users\fredro\documents\visual studio 2010\projects\folderexplorerthreadreal\folderexplorerthreadreal\basicxmlmoviewriter.cpp(20): error C2784: 'std::basic_ostream<char,_Traits> &std::operator <<(std::basic_ostream<char,_Traits> &,const signed char *)' : could not deduce template argument for 'std::basic_ostream<char,_Traits> &' from 'std::wofstream'
                 c:\program\visual studio 10.0\vc\include\ostream(937) : see declaration of 'std::operator <<'
     1>c:\users\fredro\documents\visual studio 2010\projects\folderexplorerthreadreal\folderexplorerthreadreal\basicxmlmoviewriter.cpp(20): error C2784: 'std::basic_ostream<_Elem,_Traits> &std::operator <<(std::basic_ostream<_Elem,_Traits> &,_Elem)' : could not deduce template argument for 'std::basic_ostream<_Elem,_Traits> &' from 'std::wofstream'
                 c:\program\visual studio 10.0\vc\include\ostream(898) : see declaration of 'std::operator <<'
     1>c:\users\fredro\documents\visual studio 2010\projects\folderexplorerthreadreal\folderexplorerthreadreal\basicxmlmoviewriter.cpp(20): error C2784: 'std::basic_ostream<_Elem,_Traits> &std::operator <<(std::basic_ostream<_Elem,_Traits> &,const _Elem *)' : could not deduce template argument for 'std::basic_ostream<_Elem,_Traits> &' from 'std::wofstream'
                 c:\program\visual studio 10.0\vc\include\ostream(851) : see declaration of 'std::operator <<'
     1>c:\users\fredro\documents\visual studio 2010\projects\folderexplorerthreadreal\folderexplorerthreadreal\basicxmlmoviewriter.cpp(20): error C2784: 'std::basic_ostream<char,_Traits> &std::operator <<(std::basic_ostream<char,_Traits> &,char)' : could not deduce template argument for 'std::basic_ostream<char,_Traits> &' from 'std::wofstream'
                 c:\program\visual studio 10.0\vc\include\ostream(811) : see declaration of 'std::operator <<'
     1>c:\users\fredro\documents\visual studio 2010\projects\folderexplorerthreadreal\folderexplorerthreadreal\basicxmlmoviewriter.cpp(20): error C2784: 'std::basic_ostream<char,_Traits> &std::operator <<(std::basic_ostream<char,_Traits> &,const char *)' : could not deduce template argument for 'std::basic_ostream<char,_Traits> &' from 'std::wofstream'
                 c:\program\visual studio 10.0\vc\include\ostream(764) : see declaration of 'std::operator <<'
     1>c:\users\fredro\documents\visual studio 2010\projects\folderexplorerthreadreal\folderexplorerthreadreal\basicxmlmoviewriter.cpp(20): error C2784: 'std::basic_ostream<_Elem,_Traits> &std::operator <<(std::basic_ostream<_Elem,_Traits> &,char)' : could not deduce template argument for 'std::basic_ostream<_Elem,_Traits> &' from 'std::wofstream'
                 c:\program\visual studio 10.0\vc\include\ostream(726) : see declaration of 'std::operator <<'
     1>c:\users\fredro\documents\visual studio 2010\projects\folderexplorerthreadreal\folderexplorerthreadreal\basicxmlmoviewriter.cpp(20): error C2784: 'std::basic_ostream<_Elem,_Traits> &std::operator <<(std::basic_ostream<_Elem,_Traits> &,const char *)' : could not deduce template argument for 'std::basic_ostream<_Elem,_Traits> &' from 'std::wofstream'
                 c:\program\visual studio 10.0\vc\include\ostream(679) : see declaration of 'std::operator <<'
     1>c:\users\fredro\documents\visual studio 2010\projects\folderexplorerthreadreal\folderexplorerthreadreal\basicxmlmoviewriter.cpp(20): error C2676: binary '<<' : 'std::wofstream' does not define this operator or a conversion to a type acceptable to the predefined operator
     1>c:\users\fredro\documents\visual studio 2010\projects\folderexplorerthreadreal\folderexplorerthreadreal\basicxmlmoviewriter.cpp(21): error C2784: 'std::basic_ostream<_Elem,_Traits> &std::operator <<(std::basic_ostream<_Elem,_Traits> &,const std::basic_string<_Elem,_Traits,_Alloc> &)' : could not deduce template argument for 'std::basic_ostream<_Elem,_Traits> &' from 'std::wofstream'
                 c:\program\visual studio 10.0\vc\include\string(489) : see declaration of 'std::operator <<'
     1>c:\users\fredro\documents\visual studio 2010\projects\folderexplorerthreadreal\folderexplorerthreadreal\basicxmlmoviewriter.cpp(21): error C2784: 'std::basic_ostream<_Elem,_Traits> &std::operator <<(std::basic_ostream<_Elem,_Traits> &,const std::error_code &)' : could not deduce template argument for 'std::basic_ostream<_Elem,_Traits> &' from 'std::wofstream'
                 c:\program\visual studio 10.0\vc\include\ostream(1085) : see declaration of 'std::operator <<'
     1>c:\users\fredro\documents\visual studio 2010\projects\folderexplorerthreadreal\folderexplorerthreadreal\basicxmlmoviewriter.cpp(21): error C2784: 'std::basic_ostream<_Elem,_Traits> &std::operator <<(std::basic_ostream<_Elem,_Traits> &&,_Ty)' : could not deduce template argument for 'std::basic_ostream<_Elem,_Traits> &&' from 'std::wofstream'
                 c:\program\visual studio 10.0\vc\include\ostream(968) : see declaration of 'std::operator <<'
     1>c:\users\fredro\documents\visual studio 2010\projects\folderexplorerthreadreal\folderexplorerthreadreal\basicxmlmoviewriter.cpp(21): error C2784: 'std::basic_ostream<char,_Traits> &std::operator <<(std::basic_ostream<char,_Traits> &,unsigned char)' : could not deduce template argument for 'std::basic_ostream<char,_Traits> &' from 'std::wofstream'
                 c:\program\visual studio 10.0\vc\include\ostream(958) : see declaration of 'std::operator <<'
     1>c:\users\fredro\documents\visual studio 2010\projects\folderexplorerthreadreal\folderexplorerthreadreal\basicxmlmoviewriter.cpp(21): error C2784: 'std::basic_ostream<char,_Traits> &std::operator <<(std::basic_ostream<char,_Traits> &,const unsigned char *)' : could not deduce template argument for 'std::basic_ostream<char,_Traits> &' from 'std::wofstream'
                 c:\program\visual studio 10.0\vc\include\ostream(951) : see declaration of 'std::operator <<'
     1>c:\users\fredro\documents\visual studio 2010\projects\folderexplorerthreadreal\folderexplorerthreadreal\basicxmlmoviewriter.cpp(21): error C2784: 'std::basic_ostream<char,_Traits> &std::operator <<(std::basic_ostream<char,_Traits> &,signed char)' : could not deduce template argument for 'std::basic_ostream<char,_Traits> &' from 'std::wofstream'
                 c:\program\visual studio 10.0\vc\include\ostream(944) : see declaration of 'std::operator <<'
     1>c:\users\fredro\documents\visual studio 2010\projects\folderexplorerthreadreal\folderexplorerthreadreal\basicxmlmoviewriter.cpp(21): error C2784: 'std::basic_ostream<char,_Traits> &std::operator <<(std::basic_ostream<char,_Traits> &,const signed char *)' : could not deduce template argument for 'std::basic_ostream<char,_Traits> &' from 'std::wofstream'
                 c:\program\visual studio 10.0\vc\include\ostream(937) : see declaration of 'std::operator <<'
     1>c:\users\fredro\documents\visual studio 2010\projects\folderexplorerthreadreal\folderexplorerthreadreal\basicxmlmoviewriter.cpp(21): error C2784: 'std::basic_ostream<_Elem,_Traits> &std::operator <<(std::basic_ostream<_Elem,_Traits> &,_Elem)' : could not deduce template argument for 'std::basic_ostream<_Elem,_Traits> &' from 'std::wofstream'
                 c:\program\visual studio 10.0\vc\include\ostream(898) : see declaration of 'std::operator <<'
     1>c:\users\fredro\documents\visual studio 2010\projects\folderexplorerthreadreal\folderexplorerthreadreal\basicxmlmoviewriter.cpp(21): error C2784: 'std::basic_ostream<_Elem,_Traits> &std::operator <<(std::basic_ostream<_Elem,_Traits> &,const _Elem *)' : could not deduce template argument for 'std::basic_ostream<_Elem,_Traits> &' from 'std::wofstream'
                 c:\program\visual studio 10.0\vc\include\ostream(851) : see declaration of 'std::operator <<'
     1>c:\users\fredro\documents\visual studio 2010\projects\folderexplorerthreadreal\folderexplorerthreadreal\basicxmlmoviewriter.cpp(21): error C2784: 'std::basic_ostream<char,_Traits> &std::operator <<(std::basic_ostream<char,_Traits> &,char)' : could not deduce template argument for 'std::basic_ostream<char,_Traits> &' from 'std::wofstream'
                 c:\program\visual studio 10.0\vc\include\ostream(811) : see declaration of 'std::operator <<'
     1>c:\users\fredro\documents\visual studio 2010\projects\folderexplorerthreadreal\folderexplorerthreadreal\basicxmlmoviewriter.cpp(21): error C2784: 'std::basic_ostream<char,_Traits> &std::operator <<(std::basic_ostream<char,_Traits> &,const char *)' : could not deduce template argument for 'std::basic_ostream<char,_Traits> &' from 'std::wofstream'
                 c:\program\visual studio 10.0\vc\include\ostream(764) : see declaration of 'std::operator <<'
     1>c:\users\fredro\documents\visual studio 2010\projects\folderexplorerthreadreal\folderexplorerthreadreal\basicxmlmoviewriter.cpp(21): error C2784: 'std::basic_ostream<_Elem,_Traits> &std::operator <<(std::basic_ostream<_Elem,_Traits> &,char)' : could not deduce template argument for 'std::basic_ostream<_Elem,_Traits> &' from 'std::wofstream'
                 c:\program\visual studio 10.0\vc\include\ostream(726) : see declaration of 'std::operator <<'
     1>c:\users\fredro\documents\visual studio 2010\projects\folderexplorerthreadreal\folderexplorerthreadreal\basicxmlmoviewriter.cpp(21): error C2784: 'std::basic_ostream<_Elem,_Traits> &std::operator <<(std::basic_ostream<_Elem,_Traits> &,const char *)' : could not deduce template argument for 'std::basic_ostream<_Elem,_Traits> &' from 'std::wofstream'
                 c:\program\visual studio 10.0\vc\include\ostream(679) : see declaration of 'std::operator <<'
     1>c:\users\fredro\documents\visual studio 2010\projects\folderexplorerthreadreal\folderexplorerthreadreal\basicxmlmoviewriter.cpp(21): error C2676: binary '<<' : 'std::wofstream' does not define this operator or a conversion to a type acceptable to the predefined operator
     1>c:\users\fredro\documents\visual studio 2010\projects\folderexplorerthreadreal\folderexplorerthreadreal\basicxmlmoviewriter.cpp(22): error C2784: 'std::basic_ostream<_Elem,_Traits> &std::operator <<(std::basic_ostream<_Elem,_Traits> &,const std::basic_string<_Elem,_Traits,_Alloc> &)' : could not deduce template argument for 'std::basic_ostream<_Elem,_Traits> &' from 'std::wofstream'
                 c:\program\visual studio 10.0\vc\include\string(489) : see declaration of 'std::operator <<'
     1>c:\users\fredro\documents\visual studio 2010\projects\folderexplorerthreadreal\folderexplorerthreadreal\basicxmlmoviewriter.cpp(22): error C2784: 'std::basic_ostream<_Elem,_Traits> &std::operator <<(std::basic_ostream<_Elem,_Traits> &,const std::error_code &)' : could not deduce template argument for 'std::basic_ostream<_Elem,_Traits> &' from 'std::wofstream'
                 c:\program\visual studio 10.0\vc\include\ostream(1085) : see declaration of 'std::operator <<'
     1>c:\users\fredro\documents\visual studio 2010\projects\folderexplorerthreadreal\folderexplorerthreadreal\basicxmlmoviewriter.cpp(22): error C2784: 'std::basic_ostream<_Elem,_Traits> &std::operator <<(std::basic_ostream<_Elem,_Traits> &&,_Ty)' : could not deduce template argument for 'std::basic_ostream<_Elem,_Traits> &&' from 'std::wofstream'
                 c:\program\visual studio 10.0\vc\include\ostream(968) : see declaration of 'std::operator <<'
     1>c:\users\fredro\documents\visual studio 2010\projects\folderexplorerthreadreal\folderexplorerthreadreal\basicxmlmoviewriter.cpp(22): error C2784: 'std::basic_ostream<char,_Traits> &std::operator <<(std::basic_ostream<char,_Traits> &,unsigned char)' : could not deduce template argument for 'std::basic_ostream<char,_Traits> &' from 'std::wofstream'
                 c:\program\visual studio 10.0\vc\include\ostream(958) : see declaration of 'std::operator <<'
     1>c:\users\fredro\documents\visual studio 2010\projects\folderexplorerthreadreal\folderexplorerthreadreal\basicxmlmoviewriter.cpp(22): error C2784: 'std::basic_ostream<char,_Traits> &std::operator <<(std::basic_ostream<char,_Traits> &,const unsigned char *)' : could not deduce template argument for 'std::basic_ostream<char,_Traits> &' from 'std::wofstream'
                 c:\program\visual studio 10.0\vc\include\ostream(951) : see declaration of 'std::operator <<'
     1>c:\users\fredro\documents\visual studio 2010\projects\folderexplorerthreadreal\folderexplorerthreadreal\basicxmlmoviewriter.cpp(22): error C2784: 'std::basic_ostream<char,_Traits> &std::operator <<(std::basic_ostream<char,_Traits> &,signed char)' : could not deduce template argument for 'std::basic_ostream<char,_Traits> &' from 'std::wofstream'
                 c:\program\visual studio 10.0\vc\include\ostream(944) : see declaration of 'std::operator <<'
     1>c:\users\fredro\documents\visual studio 2010\projects\folderexplorerthreadreal\folderexplorerthreadreal\basicxmlmoviewriter.cpp(22): error C2784: 'std::basic_ostream<char,_Traits> &std::operator <<(std::basic_ostream<char,_Traits> &,const signed char *)' : could not deduce template argument for 'std::basic_ostream<char,_Traits> &' from 'std::wofstream'
                 c:\program\visual studio 10.0\vc\include\ostream(937) : see declaration of 'std::operator <<'
     1>c:\users\fredro\documents\visual studio 2010\projects\folderexplorerthreadreal\folderexplorerthreadreal\basicxmlmoviewriter.cpp(22): error C2784: 'std::basic_ostream<_Elem,_Traits> &std::operator <<(std::basic_ostream<_Elem,_Traits> &,_Elem)' : could not deduce template argument for 'std::basic_ostream<_Elem,_Traits> &' from 'std::wofstream'
                 c:\program\visual studio 10.0\vc\include\ostream(898) : see declaration of 'std::operator <<'
     1>c:\users\fredro\documents\visual studio 2010\projects\folderexplorerthreadreal\folderexplorerthreadreal\basicxmlmoviewriter.cpp(22): error C2784: 'std::basic_ostream<_Elem,_Traits> &std::operator <<(std::basic_ostream<_Elem,_Traits> &,const _Elem *)' : could not deduce template argument for 'std::basic_ostream<_Elem,_Traits> &' from 'std::wofstream'
                 c:\program\visual studio 10.0\vc\include\ostream(851) : see declaration of 'std::operator <<'
     1>c:\users\fredro\documents\visual studio 2010\projects\folderexplorerthreadreal\folderexplorerthreadreal\basicxmlmoviewriter.cpp(22): error C2784: 'std::basic_ostream<char,_Traits> &std::operator <<(std::basic_ostream<char,_Traits> &,char)' : could not deduce template argument for 'std::basic_ostream<char,_Traits> &' from 'std::wofstream'
                 c:\program\visual studio 10.0\vc\include\ostream(811) : see declaration of 'std::operator <<'
     1>c:\users\fredro\documents\visual studio 2010\projects\folderexplorerthreadreal\folderexplorerthreadreal\basicxmlmoviewriter.cpp(22): error C2784: 'std::basic_ostream<char,_Traits> &std::operator <<(std::basic_ostream<char,_Traits> &,const char *)' : could not deduce template argument for 'std::basic_ostream<char,_Traits> &' from 'std::wofstream'
                 c:\program\visual studio 10.0\vc\include\ostream(764) : see declaration of 'std::operator <<'
     1>c:\users\fredro\documents\visual studio 2010\projects\folderexplorerthreadreal\folderexplorerthreadreal\basicxmlmoviewriter.cpp(22): error C2784: 'std::basic_ostream<_Elem,_Traits> &std::operator <<(std::basic_ostream<_Elem,_Traits> &,char)' : could not deduce template argument for 'std::basic_ostream<_Elem,_Traits> &' from 'std::wofstream'
                 c:\program\visual studio 10.0\vc\include\ostream(726) : see declaration of 'std::operator <<'
     1>c:\users\fredro\documents\visual studio 2010\projects\folderexplorerthreadreal\folderexplorerthreadreal\basicxmlmoviewriter.cpp(22): error C2784: 'std::basic_ostream<_Elem,_Traits> &std::operator <<(std::basic_ostream<_Elem,_Traits> &,const char *)' : could not deduce template argument for 'std::basic_ostream<_Elem,_Traits> &' from 'std::wofstream'
                 c:\program\visual studio 10.0\vc\include\ostream(679) : see declaration of 'std::operator <<'
     1>c:\users\fredro\documents\visual studio 2010\projects\folderexplorerthreadreal\folderexplorerthreadreal\basicxmlmoviewriter.cpp(22): error C2676: binary '<<' : 'std::wofstream' does not define this operator or a conversion to a type acceptable to the predefined operator
     1>c:\users\fredro\documents\visual studio 2010\projects\folderexplorerthreadreal\folderexplorerthreadreal\basicxmlmoviewriter.cpp(26): error C2784: 'std::basic_ostream<_Elem,_Traits> &std::operator <<(std::basic_ostream<_Elem,_Traits> &,const std::basic_string<_Elem,_Traits,_Alloc> &)' : could not deduce template argument for 'std::basic_ostream<_Elem,_Traits> &' from 'std::wofstream'
                 c:\program\visual studio 10.0\vc\include\string(489) : see declaration of 'std::operator <<'
     1>c:\users\fredro\documents\visual studio 2010\projects\folderexplorerthreadreal\folderexplorerthreadreal\basicxmlmoviewriter.cpp(26): error C2784: 'std::basic_ostream<_Elem,_Traits> &std::operator <<(std::basic_ostream<_Elem,_Traits> &,const std::error_code &)' : could not deduce template argument for 'std::basic_ostream<_Elem,_Traits> &' from 'std::wofstream'
                 c:\program\visual studio 10.0\vc\include\ostream(1085) : see declaration of 'std::operator <<'
     1>c:\users\fredro\documents\visual studio 2010\projects\folderexplorerthreadreal\folderexplorerthreadreal\basicxmlmoviewriter.cpp(26): error C2784: 'std::basic_ostream<_Elem,_Traits> &std::operator <<(std::basic_ostream<_Elem,_Traits> &&,_Ty)' : could not deduce template argument for 'std::basic_ostream<_Elem,_Traits> &&' from 'std::wofstream'
                 c:\program\visual studio 10.0\vc\include\ostream(968) : see declaration of 'std::operator <<'
     1>c:\users\fredro\documents\visual studio 2010\projects\folderexplorerthreadreal\folderexplorerthreadreal\basicxmlmoviewriter.cpp(26): error C2784: 'std::basic_ostream<char,_Traits> &std::operator <<(std::basic_ostream<char,_Traits> &,unsigned char)' : could not deduce template argument for 'std::basic_ostream<char,_Traits> &' from 'std::wofstream'
                 c:\program\visual studio 10.0\vc\include\ostream(958) : see declaration of 'std::operator <<'
     1>c:\users\fredro\documents\visual studio 2010\projects\folderexplorerthreadreal\folderexplorerthreadreal\basicxmlmoviewriter.cpp(26): error C2784: 'std::basic_ostream<char,_Traits> &std::operator <<(std::basic_ostream<char,_Traits> &,const unsigned char *)' : could not deduce template argument for 'std::basic_ostream<char,_Traits> &' from 'std::wofstream'
                 c:\program\visual studio 10.0\vc\include\ostream(951) : see declaration of 'std::operator <<'
     1>c:\users\fredro\documents\visual studio 2010\projects\folderexplorerthreadreal\folderexplorerthreadreal\basicxmlmoviewriter.cpp(26): error C2784: 'std::basic_ostream<char,_Traits> &std::operator <<(std::basic_ostream<char,_Traits> &,signed char)' : could not deduce template argument for 'std::basic_ostream<char,_Traits> &' from 'std::wofstream'
                 c:\program\visual studio 10.0\vc\include\ostream(944) : see declaration of 'std::operator <<'
     1>c:\users\fredro\documents\visual studio 2010\projects\folderexplorerthreadreal\folderexplorerthreadreal\basicxmlmoviewriter.cpp(26): error C2784: 'std::basic_ostream<char,_Traits> &std::operator <<(std::basic_ostream<char,_Traits> &,const signed char *)' : could not deduce template argument for 'std::basic_ostream<char,_Traits> &' from 'std::wofstream'
                 c:\program\visual studio 10.0\vc\include\ostream(937) : see declaration of 'std::operator <<'
     1>c:\users\fredro\documents\visual studio 2010\projects\folderexplorerthreadreal\folderexplorerthreadreal\basicxmlmoviewriter.cpp(26): error C2784: 'std::basic_ostream<_Elem,_Traits> &std::operator <<(std::basic_ostream<_Elem,_Traits> &,_Elem)' : could not deduce template argument for 'std::basic_ostream<_Elem,_Traits> &' from 'std::wofstream'
                 c:\program\visual studio 10.0\vc\include\ostream(898) : see declaration of 'std::operator <<'
     1>c:\users\fredro\documents\visual studio 2010\projects\folderexplorerthreadreal\folderexplorerthreadreal\basicxmlmoviewriter.cpp(26): error C2784: 'std::basic_ostream<_Elem,_Traits> &std::operator <<(std::basic_ostream<_Elem,_Traits> &,const _Elem *)' : could not deduce template argument for 'std::basic_ostream<_Elem,_Traits> &' from 'std::wofstream'
                 c:\program\visual studio 10.0\vc\include\ostream(851) : see declaration of 'std::operator <<'
     1>c:\users\fredro\documents\visual studio 2010\projects\folderexplorerthreadreal\folderexplorerthreadreal\basicxmlmoviewriter.cpp(26): error C2784: 'std::basic_ostream<char,_Traits> &std::operator <<(std::basic_ostream<char,_Traits> &,char)' : could not deduce template argument for 'std::basic_ostream<char,_Traits> &' from 'std::wofstream'
                 c:\program\visual studio 10.0\vc\include\ostream(811) : see declaration of 'std::operator <<'
     1>c:\users\fredro\documents\visual studio 2010\projects\folderexplorerthreadreal\folderexplorerthreadreal\basicxmlmoviewriter.cpp(26): error C2784: 'std::basic_ostream<char,_Traits> &std::operator <<(std::basic_ostream<char,_Traits> &,const char *)' : could not deduce template argument for 'std::basic_ostream<char,_Traits> &' from 'std::wofstream'
                 c:\program\visual studio 10.0\vc\include\ostream(764) : see declaration of 'std::operator <<'
     1>c:\users\fredro\documents\visual studio 2010\projects\folderexplorerthreadreal\folderexplorerthreadreal\basicxmlmoviewriter.cpp(26): error C2784: 'std::basic_ostream<_Elem,_Traits> &std::operator <<(std::basic_ostream<_Elem,_Traits> &,char)' : could not deduce template argument for 'std::basic_ostream<_Elem,_Traits> &' from 'std::wofstream'
                 c:\program\visual studio 10.0\vc\include\ostream(726) : see declaration of 'std::operator <<'
     1>c:\users\fredro\documents\visual studio 2010\projects\folderexplorerthreadreal\folderexplorerthreadreal\basicxmlmoviewriter.cpp(26): error C2784: 'std::basic_ostream<_Elem,_Traits> &std::operator <<(std::basic_ostream<_Elem,_Traits> &,const char *)' : could not deduce template argument for 'std::basic_ostream<_Elem,_Traits> &' from 'std::wofstream'
                 c:\program\visual studio 10.0\vc\include\ostream(679) : see declaration of 'std::operator <<'
     1>c:\users\fredro\documents\visual studio 2010\projects\folderexplorerthreadreal\folderexplorerthreadreal\basicxmlmoviewriter.cpp(26): error C2676: binary '<<' : 'std::wofstream' does not define this operator or a conversion to a type acceptable to the predefined operator
         Generating Code...
         Compiling...
         movieTraverser.cpp
         Generating Code...
     1>Done Building Project "C:\Users\FREDRO\documents\visual studio 2010\Projects\FolderExplorerThreadReal\FolderExplorerThreadReal\FolderExplorerThreadReal.vcxproj" (build target(s)) -- FAILED.

Build FAILED.

Time Elapsed 00:00:02.69
